0 info it worked if it ends with ok
1 verbose cli [ '/usr/bin/node', '/usr/bin/npm', 'install', 'bower', '-g' ]
2 info using npm@1.4.29
3 info using node@v0.10.43
4 verbose node symlink /usr/bin/node
5 warn deprecated This version of npm lacks support for important features,
6 warn deprecated such as scoped packages, offered by the primary npm
7 warn deprecated registry. Consider upgrading to at least npm@2, if not the
8 warn deprecated latest stable version. To upgrade to npm@2, run:
9 warn deprecated npm -g install npm@latest-2
10 warn deprecated To upgrade to the latest stable version, run:
11 warn deprecated npm -g install npm@latest
12 warn deprecated (Depending on how Node.js was installed on your system, you
13 warn deprecated may need to prefix the preceding commands with `sudo`, or if
14 warn deprecated on Windows, run them from an Administrator prompt.)
15 warn deprecated If you're running the version of npm bundled with
16 warn deprecated Node.js 0.10 LTS, be aware that the next version of 0.10 LTS
17 warn deprecated will be bundled with a version of npm@2, which has some small
18 warn deprecated backwards-incompatible changes made to `npm run-script` and
19 warn deprecated semver behavior.
20 verbose cache add [ 'bower', null ]
21 verbose cache add name=undefined spec="bower" args=["bower",null]
22 verbose parsed url { protocol: null,
22 verbose parsed url   slashes: null,
22 verbose parsed url   auth: null,
22 verbose parsed url   host: null,
22 verbose parsed url   port: null,
22 verbose parsed url   hostname: null,
22 verbose parsed url   hash: null,
22 verbose parsed url   search: null,
22 verbose parsed url   query: null,
22 verbose parsed url   pathname: 'bower',
22 verbose parsed url   path: 'bower',
22 verbose parsed url   href: 'bower' }
23 silly lockFile 206e3ce5-bower bower
24 verbose lock bower /home/vanchien/.npm/206e3ce5-bower.lock
25 silly lockFile 206e3ce5-bower bower
26 silly lockFile 206e3ce5-bower bower
27 verbose addNamed [ 'bower', '' ]
28 verbose addNamed [ null, '*' ]
29 silly lockFile 1240aab1-bower bower@
30 verbose lock bower@ /home/vanchien/.npm/1240aab1-bower.lock
31 silly addNameRange { name: 'bower', range: '*', hasData: false }
32 verbose request where is /bower
33 verbose request registry https://registry.npmjs.org/
34 verbose request id c658c90a37ed69b9
35 verbose url raw /bower
36 verbose url resolving [ 'https://registry.npmjs.org/', './bower' ]
37 verbose url resolved https://registry.npmjs.org/bower
38 verbose request where is https://registry.npmjs.org/bower
39 info trying registry request attempt 1 at 09:34:55
40 verbose etag "841KH7DU7F4OGDN3QIC56ZUSN"
41 http GET https://registry.npmjs.org/bower
42 http 304 https://registry.npmjs.org/bower
43 silly registry.get cb [ 304,
43 silly registry.get   { date: 'Sun, 08 May 2016 02:34:56 GMT',
43 silly registry.get     via: '1.1 varnish',
43 silly registry.get     'cache-control': 'max-age=300',
43 silly registry.get     etag: '"841KH7DU7F4OGDN3QIC56ZUSN"',
43 silly registry.get     age: '0',
43 silly registry.get     connection: 'keep-alive',
43 silly registry.get     'x-served-by': 'cache-sjc3622-SJC',
43 silly registry.get     'x-cache': 'MISS',
43 silly registry.get     'x-cache-hits': '0',
43 silly registry.get     'x-timer': 'S1462674896.290829,VS0,VE597',
43 silly registry.get     vary: 'Accept-Encoding' } ]
44 verbose etag https://registry.npmjs.org/bower from cache
45 silly addNameRange number 2 { name: 'bower', range: '*', hasData: true }
46 silly addNameRange versions [ 'bower',
46 silly addNameRange   [ '0.1.0',
46 silly addNameRange     '0.1.2',
46 silly addNameRange     '0.1.3',
46 silly addNameRange     '0.2.0',
46 silly addNameRange     '0.3.0',
46 silly addNameRange     '0.3.1',
46 silly addNameRange     '0.3.2',
46 silly addNameRange     '0.4.0',
46 silly addNameRange     '0.5.0',
46 silly addNameRange     '0.5.1',
46 silly addNameRange     '0.6.0',
46 silly addNameRange     '0.6.1',
46 silly addNameRange     '0.6.2',
46 silly addNameRange     '0.6.3',
46 silly addNameRange     '0.6.4',
46 silly addNameRange     '0.6.5',
46 silly addNameRange     '0.6.6',
46 silly addNameRange     '0.6.7',
46 silly addNameRange     '0.6.8',
46 silly addNameRange     '0.7.0',
46 silly addNameRange     '0.7.1',
46 silly addNameRange     '0.8.0',
46 silly addNameRange     '0.8.1',
46 silly addNameRange     '0.8.2',
46 silly addNameRange     '0.8.3',
46 silly addNameRange     '0.8.4',
46 silly addNameRange     '0.8.5',
46 silly addNameRange     '0.8.6',
46 silly addNameRange     '0.9.0',
46 silly addNameRange     '0.9.1',
46 silly addNameRange     '0.9.2',
46 silly addNameRange     '0.10.0',
46 silly addNameRange     '1.0.0',
46 silly addNameRange     '1.0.1',
46 silly addNameRange     '1.0.2',
46 silly addNameRange     '1.0.3',
46 silly addNameRange     '1.1.0',
46 silly addNameRange     '1.1.1',
46 silly addNameRange     '1.1.2',
46 silly addNameRange     '1.2.0',
46 silly addNameRange     '1.2.1',
46 silly addNameRange     '1.2.2',
46 silly addNameRange     '1.2.3',
46 silly addNameRange     '1.2.4',
46 silly addNameRange     '1.2.5',
46 silly addNameRange     '1.2.6',
46 silly addNameRange     '1.2.7',
46 silly addNameRange     '1.2.8',
46 silly addNameRange     '1.3.0',
46 silly addNameRange     '1.3.1',
46 silly addNameRange     '1.3.2',
46 silly addNameRange     '1.3.3',
46 silly addNameRange     '1.3.4',
46 silly addNameRange     '1.3.5',
46 silly addNameRange     '1.3.6',
46 silly addNameRange     '1.3.7',
46 silly addNameRange     '1.3.8',
46 silly addNameRange     '1.3.9',
46 silly addNameRange     '1.3.10',
46 silly addNameRange     '1.3.11',
46 silly addNameRange     '1.3.12',
46 silly addNameRange     '1.4.0',
46 silly addNameRange     '1.4.1',
46 silly addNameRange     '1.5.0',
46 silly addNameRange     '1.5.1',
46 silly addNameRange     '1.5.2',
46 silly addNameRange     '1.5.3',
46 silly addNameRange     '1.6.2',
46 silly addNameRange     '1.6.3',
46 silly addNameRange     '1.6.4',
46 silly addNameRange     '1.6.5',
46 silly addNameRange     '1.5.4',
46 silly addNameRange     '1.4.2',
46 silly addNameRange     '1.6.6',
46 silly addNameRange     '1.6.7',
46 silly addNameRange     '1.6.8',
46 silly addNameRange     '1.6.9',
46 silly addNameRange     '1.7.0',
46 silly addNameRange     '1.7.1',
46 silly addNameRange     '1.7.2',
46 silly addNameRange     '1.7.5',
46 silly addNameRange     '1.7.6',
46 silly addNameRange     '1.7.7',
46 silly addNameRange     '1.7.8',
46 silly addNameRange     '1.7.9' ] ]
47 verbose addNamed [ 'bower', '1.7.9' ]
48 verbose addNamed [ '1.7.9', '1.7.9' ]
49 silly lockFile c07be986-bower-1-7-9 bower@1.7.9
50 verbose lock bower@1.7.9 /home/vanchien/.npm/c07be986-bower-1-7-9.lock
51 silly lockFile c07be986-bower-1-7-9 bower@1.7.9
52 silly lockFile c07be986-bower-1-7-9 bower@1.7.9
53 silly lockFile 1240aab1-bower bower@
54 silly lockFile 1240aab1-bower bower@
55 silly resolved [ { name: 'bower',
55 silly resolved     version: '1.7.9',
55 silly resolved     description: 'The browser package manager',
55 silly resolved     author: { name: 'Twitter' },
55 silly resolved     license: 'MIT',
55 silly resolved     repository: { type: 'git', url: 'git+https://github.com/bower/bower.git' },
55 silly resolved     main: 'lib',
55 silly resolved     bin: { bower: 'bin/bower' },
55 silly resolved     homepage: 'http://bower.io',
55 silly resolved     engines: { node: '>=0.10.0' },
55 silly resolved     keywords: [ 'bower' ],
55 silly resolved     files: [ 'bin', 'lib' ],
55 silly resolved     bugs: { url: 'https://github.com/bower/bower/issues' },
55 silly resolved     _id: 'bower@1.7.9',
55 silly resolved     scripts: {},
55 silly resolved     _shasum: 'b7296c2393e0d75edaa6ca39648132dd255812b0',
55 silly resolved     _from: 'bower@',
55 silly resolved     _npmVersion: '3.7.3',
55 silly resolved     _nodeVersion: '5.9.0',
55 silly resolved     _npmUser: { name: 'sheerun', email: 'sheerun@sher.pl' },
55 silly resolved     dist:
55 silly resolved      { shasum: 'b7296c2393e0d75edaa6ca39648132dd255812b0',
55 silly resolved        tarball: 'https://registry.npmjs.org/bower/-/bower-1.7.9.tgz' },
55 silly resolved     maintainers:
55 silly resolved      [ [Object],
55 silly resolved        [Object],
55 silly resolved        [Object],
55 silly resolved        [Object],
55 silly resolved        [Object],
55 silly resolved        [Object],
55 silly resolved        [Object] ],
55 silly resolved     _npmOperationalInternal:
55 silly resolved      { host: 'packages-12-west.internal.npmjs.com',
55 silly resolved        tmp: 'tmp/bower-1.7.9.tgz_1459857239351_0.9720134933013469' },
55 silly resolved     directories: {},
55 silly resolved     _resolved: 'https://registry.npmjs.org/bower/-/bower-1.7.9.tgz',
55 silly resolved     readme: 'ERROR: No README data found!' } ]
56 info install bower@1.7.9 into /usr/lib
57 info installOne bower@1.7.9
58 verbose lib/node_modules/bower unbuild
59 verbose tar unpack /home/vanchien/.npm/bower/1.7.9/package.tgz
60 silly lockFile 6f53a3f9-tar-usr-lib-node-modules-bower tar:///usr/lib/node_modules/bower
61 verbose lock tar:///usr/lib/node_modules/bower /home/vanchien/.npm/6f53a3f9-tar-usr-lib-node-modules-bower.lock
62 silly lockFile b4bceabe-hien-npm-bower-1-7-9-package-tgz tar:///home/vanchien/.npm/bower/1.7.9/package.tgz
63 verbose lock tar:///home/vanchien/.npm/bower/1.7.9/package.tgz /home/vanchien/.npm/b4bceabe-hien-npm-bower-1-7-9-package-tgz.lock
64 silly gunzTarPerm modes [ '775', '664' ]
65 error Error: EACCES, mkdir '/usr/lib/node_modules/bower'
65 error  { [Error: EACCES, mkdir '/usr/lib/node_modules/bower']
65 error   errno: 3,
65 error   code: 'EACCES',
65 error   path: '/usr/lib/node_modules/bower',
65 error   fstream_type: 'Directory',
65 error   fstream_path: '/usr/lib/node_modules/bower',
65 error   fstream_class: 'DirWriter',
65 error   fstream_stack:
65 error    [ '/usr/lib/node_modules/npm/node_modules/fstream/lib/dir-writer.js:36:23',
65 error      '/usr/lib/node_modules/npm/node_modules/mkdirp/index.js:46:53',
65 error      'Object.oncomplete (fs.js:108:15)' ] }
66 error Please try running this command again as root/Administrator.
67 error System Linux 3.19.0-56-generic
68 error command "/usr/bin/node" "/usr/bin/npm" "install" "bower" "-g"
69 error cwd /home/vanchien/missa_da/support_misa
70 error node -v v0.10.43
71 error npm -v 1.4.29
72 error path /usr/lib/node_modules/bower
73 error fstream_path /usr/lib/node_modules/bower
74 error fstream_type Directory
75 error fstream_class DirWriter
76 error code EACCES
77 error errno 3
78 error stack Error: EACCES, mkdir '/usr/lib/node_modules/bower'
79 error fstream_stack /usr/lib/node_modules/npm/node_modules/fstream/lib/dir-writer.js:36:23
79 error fstream_stack /usr/lib/node_modules/npm/node_modules/mkdirp/index.js:46:53
79 error fstream_stack Object.oncomplete (fs.js:108:15)
80 verbose exit [ 3, true ]
